app/build/intermediates/manifest_merge_blame_file/debug/manifest-merger-blame-debug-report.txt
1<?xml version="1.0" encoding="utf-8"?>
2<!--
3  ~ Copyright (C) 2017 The Android Open Source Project
4  ~
5  ~ Licensed under the Apache License, Version 2.0 (the "License");
6  ~ you may not use this file except in compliance with the License.
7  ~ You may obtain a copy of the License at
8  ~
9  ~      http://www.apache.org/licenses/LICENSE-2.0
10  ~
11  ~ Unless required by applicable law or agreed to in writing, software
12  ~ distributed under the License is distributed on an "AS IS" BASIS,
13  ~ WITHOUT WARRANTIES OR CONDITIONS OF ANY KIND, either express or implied.
14  ~ See the License for the specific language governing permissions and
15  ~ limitations under the License
16-->
17<manifest xmlns:android="http://schemas.android.com/apk/res/android"
18    package="com.example.android.fingerprintdialog"
19    android:versionCode="1"
20    android:versionName="1.0" >
21
22    <uses-sdk
23        android:minSdkVersion="24"
23-->src/main/AndroidManifest.xml
24        android:targetSdkVersion="29" />
24-->src/main/AndroidManifest.xml
25
26    <uses-permission android:name="android.permission.USE_FINGERPRINT" />
26-->src/main/AndroidManifest.xml:23:5-74
26-->src/main/AndroidManifest.xml:23:22-71
27    <uses-permission android:name="android.permission.USE_BIOMETRIC" /> <!-- Include required permissions for Google Maps API to run. -->
27-->[androidx.biometric:biometric:1.0.0] AndroidManifest.xml:24:5-72
27-->[androidx.biometric:biometric:1.0.0] AndroidManifest.xml:24:22-69
28    <uses-permission android:name="android.permission.ACCESS_NETWORK_STATE" />
28-->[com.google.android.gms:play-services-maps:17.0.0] AndroidManifest.xml:23:5-79
28-->[com.google.android.gms:play-services-maps:17.0.0] AndroidManifest.xml:23:22-76
29    <uses-permission android:name="android.permission.INTERNET" />
29-->[com.google.android.gms:play-services-maps:17.0.0] AndroidManifest.xml:24:5-67
29-->[com.google.android.gms:play-services-maps:17.0.0] AndroidManifest.xml:24:22-64
30
31    <uses-feature
31-->[com.google.android.gms:play-services-maps:17.0.0] AndroidManifest.xml:26:5-28:35
32        android:glEsVersion="0x00020000"
32-->[com.google.android.gms:play-services-maps:17.0.0] AndroidManifest.xml:27:9-41
33        android:required="true" />
33-->[com.google.android.gms:play-services-maps:17.0.0] AndroidManifest.xml:28:9-32
34
35    <application
35-->src/main/AndroidManifest.xml:25:5-48:19
36        android:allowBackup="true"
36-->src/main/AndroidManifest.xml:26:9-35
37        android:appComponentFactory="androidx.core.app.CoreComponentFactory"
37-->[androidx.core:core:1.1.0] AndroidManifest.xml:24:18-86
38        android:debuggable="true"
39        android:extractNativeLibs="false"
40        android:icon="@mipmap/ic_launcher"
40-->src/main/AndroidManifest.xml:27:9-43
41        android:label="@string/application_name"
41-->src/main/AndroidManifest.xml:28:9-49
42        android:supportsRtl="true"
42-->src/main/AndroidManifest.xml:29:9-35
43        android:testOnly="true"
44        android:theme="@style/Theme.AppCompat.Light" >
44-->src/main/AndroidManifest.xml:30:9-53
45        <activity
45-->src/main/AndroidManifest.xml:33:9-41:20
46            android:name="com.example.android.biometricauth.MainActivity"
46-->src/main/AndroidManifest.xml:34:13-74
47            android:label="@string/application_name"
47-->src/main/AndroidManifest.xml:35:13-53
48            android:theme="@style/Theme.AppCompat.Light.NoActionBar" >
48-->src/main/AndroidManifest.xml:36:13-69
49            <intent-filter>
49-->src/main/AndroidManifest.xml:37:13-40:29
50                <action android:name="android.intent.action.MAIN" />
50-->src/main/AndroidManifest.xml:38:17-69
50-->src/main/AndroidManifest.xml:38:25-66
51
52                <category android:name="android.intent.category.LAUNCHER" />
52-->src/main/AndroidManifest.xml:39:17-77
52-->src/main/AndroidManifest.xml:39:27-74
53            </intent-filter>
54        </activity>
55        <activity
55-->src/main/AndroidManifest.xml:43:9-46:90
56            android:name="com.example.android.biometricauth.SettingsActivity"
56-->src/main/AndroidManifest.xml:44:13-78
57            android:label="@string/action_settings"
57-->src/main/AndroidManifest.xml:45:13-52
58            android:parentActivityName="com.example.android.biometricauth.MainActivity" />
58-->src/main/AndroidManifest.xml:46:13-88
59        <activity android:name="com.example.android.biometricauth.WelcomeActivity" />
59-->src/main/AndroidManifest.xml:47:9-53
59-->src/main/AndroidManifest.xml:47:19-50
60        <activity
60-->[androidx.biometric:biometric:1.0.0] AndroidManifest.xml:28:9-31:67
61            android:name="androidx.biometric.DeviceCredentialHandlerActivity"
61-->[androidx.biometric:biometric:1.0.0] AndroidManifest.xml:29:13-78
62            android:exported="true"
62-->[androidx.biometric:biometric:1.0.0] AndroidManifest.xml:30:13-36
63            android:theme="@style/DeviceCredentialHandlerTheme" /> <!-- Needs to be explicitly declared on P+ -->
63-->[androidx.biometric:biometric:1.0.0] AndroidManifest.xml:31:13-64
64        <uses-library
64-->[com.google.android.gms:play-services-maps:17.0.0] AndroidManifest.xml:33:9-35:40
65            android:name="org.apache.http.legacy"
65-->[com.google.android.gms:play-services-maps:17.0.0] AndroidManifest.xml:34:13-50
66            android:required="false" />
66-->[com.google.android.gms:play-services-maps:17.0.0] AndroidManifest.xml:35:13-37
67
68        <activity
68-->[com.google.android.gms:play-services-base:17.0.0] AndroidManifest.xml:23:9-26:75
69            android:name="com.google.android.gms.common.api.GoogleApiActivity"
69-->[com.google.android.gms:play-services-base:17.0.0] AndroidManifest.xml:24:13-79
70            android:exported="false"
70-->[com.google.android.gms:play-services-base:17.0.0] AndroidManifest.xml:25:13-37
71            android:theme="@android:style/Theme.Translucent.NoTitleBar" />
71-->[com.google.android.gms:play-services-base:17.0.0] AndroidManifest.xml:26:13-72
72
73        <meta-data
73-->[com.google.android.gms:play-services-basement:17.0.0] AndroidManifest.xml:23:9-25:69
74            android:name="com.google.android.gms.version"
74-->[com.google.android.gms:play-services-basement:17.0.0] AndroidManifest.xml:24:13-58
75            android:value="@integer/google_play_services_version" />
75-->[com.google.android.gms:play-services-basement:17.0.0] AndroidManifest.xml:25:13-66
76    </application>
77
78</manifest>